<?xml version="1.0" encoding="UTF-8"?>
<testng-results ignored="0" total="1" passed="1" failed="0" skipped="0">
  <reporter-output>
  </reporter-output>
  <suite started-at="2021-04-16T05:24:35Z" name="Suite" finished-at="2021-04-16T05:25:14Z" duration-ms="39371">
    <groups>
    </groups>
    <test started-at="2021-04-16T05:24:35Z" name="Test" finished-at="2021-04-16T05:25:14Z" duration-ms="39371">
      <class name="com.Birst.Testcases.FilterBy_Validation">
        <test-method is-config="true" signature="setUpSuite()[pri:0, instance:com.Birst.Testcases.FilterBy_Validation@14f9390f]" started-at="2021-04-16T05:24:34Z" name="setUpSuite" finished-at="2021-04-16T05:24:35Z" duration-ms="375" status="PASS">
          <reporter-output>
          </reporter-output>
        </test-method> <!-- setUpSuite -->
        <test-method is-config="true" signature="setup()[pri:0, instance:com.Birst.Testcases.FilterBy_Validation@14f9390f]" started-at="2021-04-16T05:24:35Z" name="setup" finished-at="2021-04-16T05:24:37Z" duration-ms="2121" status="PASS">
          <reporter-output>
          </reporter-output>
        </test-method> <!-- setup -->
        <test-method signature="NavigateToBirst()[pri:0, instance:com.Birst.Testcases.FilterBy_Validation@14f9390f]" started-at="2021-04-16T05:24:37Z" name="NavigateToBirst" finished-at="2021-04-16T05:25:12Z" duration-ms="34784" status="PASS">
          <reporter-output>
          </reporter-output>
        </test-method> <!-- NavigateToBirst -->
        <test-method is-config="true" signature="tearDownMethod(org.testng.ITestResult)[pri:0, instance:com.Birst.Testcases.FilterBy_Validation@14f9390f]" started-at="2021-04-16T05:25:12Z" name="tearDownMethod" finished-at="2021-04-16T05:25:12Z" duration-ms="313" status="PASS">
          <params>
            <param index="0">
              <value>
                <![CDATA[[TestResult name=NavigateToBirst status=SUCCESS method=FilterBy_Validation.NavigateToBirst()[pri:0, instance:com.Birst.Testcases.FilterBy_Validation@14f9390f] output={null}]]]>
              </value>
            </param>
          </params>
          <reporter-output>
          </reporter-output>
        </test-method> <!-- tearDownMethod -->
        <test-method is-config="true" signature="tearDown()[pri:0, instance:com.Birst.Testcases.FilterBy_Validation@14f9390f]" started-at="2021-04-16T05:25:12Z" name="tearDown" finished-at="2021-04-16T05:25:14Z" duration-ms="2142" status="PASS">
          <reporter-output>
          </reporter-output>
        </test-method> <!-- tearDown -->
      </class> <!-- com.Birst.Testcases.FilterBy_Validation -->
    </test> <!-- Test -->
  </suite> <!-- Suite -->
</testng-results>
